<?xml version="1.0" encoding="UTF-8"?>
<testsuite xmlns:xsi="http://www.w3.org/2001/XMLSchema-instance" xsi:noNamespaceSchemaLocation="https://maven.apache.org/surefire/maven-surefire-plugin/xsd/surefire-test-report-3.0.xsd" version="3.0" name="TestHelper.CriarClienteHelperTest" time="0.654" tests="4" errors="0" skipped="0" failures="0">
  <properties>
    <property name="java.specification.version" value="21"/>
    <property name="sun.cpu.isalist" value="amd64"/>
    <property name="sun.jnu.encoding" value="Cp1252"/>
    <property name="java.class.path" value="D:\Arquivos\Documents\NetBeansProjects\Costuras\target\test-classes;D:\Arquivos\Documents\NetBeansProjects\Costuras\target\classes;C:\Users\Léo\.m2\repository\com\mysql\mysql-connector-j\8.0.33\mysql-connector-j-8.0.33.jar;C:\Users\Léo\.m2\repository\com\google\protobuf\protobuf-java\3.21.9\protobuf-java-3.21.9.jar;C:\Users\Léo\.m2\repository\unknown\binary\AbsoluteLayout\SNAPSHOT\AbsoluteLayout-SNAPSHOT.jar;C:\Users\Léo\.m2\repository\com\formdev\flatlaf\3.4.1\flatlaf-3.4.1.jar;C:\Users\Léo\.m2\repository\junit\junit\4.13.2\junit-4.13.2.jar;C:\Users\Léo\.m2\repository\org\hamcrest\hamcrest-core\1.3\hamcrest-core-1.3.jar;"/>
    <property name="java.vm.vendor" value="Azul Systems, Inc."/>
    <property name="sun.arch.data.model" value="64"/>
    <property name="user.variant" value=""/>
    <property name="java.vendor.url" value="http://www.azul.com/"/>
    <property name="user.timezone" value="America/Sao_Paulo"/>
    <property name="os.name" value="Windows 11"/>
    <property name="java.vm.specification.version" value="21"/>
    <property name="user.country" value="BR"/>
    <property name="sun.java.launcher" value="SUN_STANDARD"/>
    <property name="sun.boot.library.path" value="D:\JDK\bin"/>
    <property name="sun.java.command" value="C:\Users\Léo\AppData\Local\Temp\surefire2534057681731349315\surefirebooter-20240626164357952_3.jar C:\Users\Léo\AppData\Local\Temp\surefire2534057681731349315 2024-06-26T16-43-57_755-jvmRun1 surefire-20240626164357952_1tmp surefire_0-20240626164357952_2tmp"/>
    <property name="jdk.debug" value="release"/>
    <property name="test" value="TestHelper.**.*Test"/>
    <property name="surefire.test.class.path" value="D:\Arquivos\Documents\NetBeansProjects\Costuras\target\test-classes;D:\Arquivos\Documents\NetBeansProjects\Costuras\target\classes;C:\Users\Léo\.m2\repository\com\mysql\mysql-connector-j\8.0.33\mysql-connector-j-8.0.33.jar;C:\Users\Léo\.m2\repository\com\google\protobuf\protobuf-java\3.21.9\protobuf-java-3.21.9.jar;C:\Users\Léo\.m2\repository\unknown\binary\AbsoluteLayout\SNAPSHOT\AbsoluteLayout-SNAPSHOT.jar;C:\Users\Léo\.m2\repository\com\formdev\flatlaf\3.4.1\flatlaf-3.4.1.jar;C:\Users\Léo\.m2\repository\junit\junit\4.13.2\junit-4.13.2.jar;C:\Users\Léo\.m2\repository\org\hamcrest\hamcrest-core\1.3\hamcrest-core-1.3.jar;"/>
    <property name="sun.cpu.endian" value="little"/>
    <property name="user.home" value="C:\Users\Léo"/>
    <property name="user.language" value="pt"/>
    <property name="java.specification.vendor" value="Oracle Corporation"/>
    <property name="java.version.date" value="2023-10-17"/>
    <property name="java.home" value="D:\JDK"/>
    <property name="file.separator" value="\"/>
    <property name="basedir" value="D:\Arquivos\Documents\NetBeansProjects\Costuras"/>
    <property name="java.vm.compressedOopsMode" value="Zero based"/>
    <property name="line.separator" value="&#10;"/>
    <property name="java.vm.specification.vendor" value="Oracle Corporation"/>
    <property name="java.specification.name" value="Java Platform API Specification"/>
    <property name="surefire.real.class.path" value="C:\Users\Léo\AppData\Local\Temp\surefire2534057681731349315\surefirebooter-20240626164357952_3.jar"/>
    <property name="user.script" value=""/>
    <property name="sun.management.compiler" value="HotSpot 64-Bit Tiered Compilers"/>
    <property name="java.runtime.version" value="21.0.1+12-LTS"/>
    <property name="user.name" value="Léo"/>
    <property name="stdout.encoding" value="Cp1252"/>
    <property name="path.separator" value=";"/>
    <property name="os.version" value="10.0"/>
    <property name="java.runtime.name" value="OpenJDK Runtime Environment"/>
    <property name="file.encoding" value="UTF-8"/>
    <property name="java.vm.name" value="OpenJDK 64-Bit Server VM"/>
    <property name="java.vendor.version" value="Zulu21.30+15-CA"/>
    <property name="maven.ext.class.path" value="D:\NetBeans\NetBeans-20\netbeans\java\maven-nblib\netbeans-eventspy.jar"/>
    <property name="localRepository" value="C:\Users\Léo\.m2\repository"/>
    <property name="java.vendor.url.bug" value="http://www.azul.com/support/"/>
    <property name="java.io.tmpdir" value="C:\Users\LO1A5A~1\AppData\Local\Temp\"/>
    <property name="java.version" value="21.0.1"/>
    <property name="user.dir" value="D:\Arquivos\Documents\NetBeansProjects\Costuras"/>
    <property name="os.arch" value="amd64"/>
    <property name="java.vm.specification.name" value="Java Virtual Machine Specification"/>
    <property name="sun.os.patch.level" value=""/>
    <property name="native.encoding" value="Cp1252"/>
    <property name="java.library.path" value="D:\JDK\bin;C:\Windows\Sun\Java\bin;C:\Windows\system32;C:\Windows;C:\Program Files\Common Files\Oracle\Java\javapath;D:\JDK\bin\;C:\Program Files (x86)\Intel\iCLS Client\;C:\Program Files\Intel\iCLS Client\;C:\Program Files (x86)\Common Files\Oracle\Java\javapath;C:\Windows\system32;C:\Windows;C:\Windows\System32\Wbem;C:\Windows\System32\WindowsPowerShell\v1.0\;C:\Windows\System32\OpenSSH\;C:\Program Files (x86)\Intel\Intel(R) Management Engine Components\DAL;C:\Program Files\Intel\Intel(R) Management Engine Components\DAL;C:\Program Files (x86)\Intel\Intel(R) Management Engine Components\IPT;C:\Program Files\Intel\Intel(R) Management Engine Components\IPT;C:\Program Files (x86)\NVIDIA Corporation\PhysX\Common;C:\MinGW\bin;C:\Program Files\dotnet\;D:\Aseprite\bin;D:\LINGO64_20\;D:\nodeJS\;%JAVA_HOME\bin%;D:\apache-maven-3.9.6\bin;C:\Program Files\Docker\Docker\resources\bin;;C:\Program Files\NVIDIA Corporation\NVIDIA app\NvDLISR;C:\Program Files\MySQL\MySQL Shell 8.0\bin\;C:\Users\Léo\AppData\Local\Programs\Python\Python311\Scripts\;C:\Users\Léo\AppData\Local\Programs\Python\Python311\;C:\Users\Léo\AppData\Local\Microsoft\WindowsApps;C:\VSCode\Microsoft VS Code\bin;C:\MinGW\bin;C:\Users\Léo\.dotnet\tools;C:\Users\Léo\AppData\Roaming\npm;D:\Inteligy\IntelliJ IDEA 2023.2.5\bin;;."/>
    <property name="java.vm.info" value="mixed mode, sharing"/>
    <property name="stderr.encoding" value="Cp1252"/>
    <property name="java.vendor" value="Azul Systems, Inc."/>
    <property name="java.vm.version" value="21.0.1+12-LTS"/>
    <property name="sun.io.unicode.encoding" value="UnicodeLittle"/>
    <property name="java.class.version" value="65.0"/>
  </properties>
  <testcase name="deveLancarCampoNuloExceptionCampoNome" classname="TestHelper.CriarClienteHelperTest" time="0.518"/>
  <testcase name="deveRecuperarClienteIgualMock" classname="TestHelper.CriarClienteHelperTest" time="0.016"/>
  <testcase name="deveLancarCampoNuloExceptionCampoTelefone" classname="TestHelper.CriarClienteHelperTest" time="0.022"/>
  <testcase name="deveLimparTodosInputs" classname="TestHelper.CriarClienteHelperTest" time="0.017"/>
</testsuite>